		Initializing .... 

Total memory allocated = 5452148
		Begin Printing Seed information

Seed point: 28 9 	Path 0 0 	User path -1 -1 -1

---------------------

Print path: 



[28 9] 

		Begin Printing Seed information

Seed point: 28 9 	Path 0 22 	User path 0 51 0

Seed point: 22 23 	Path 23 23 	User path 81 81 81

---------------------

Print path: 



[28 9] [29 9] [29 10] [29 11] [29 12] [29 13] [28 13] 
[28 14] [28 15] [27 15] [27 16] [26 16] [26 17] [26 18] 
[25 18] [25 19] [25 20] [24 20] [24 21] [24 22] [24 23] 
[23 23] [22 23] [22 23] 

		Begin Printing Seed information

Seed point: 28 9 	Path 0 22 	User path 0 51 0

Seed point: 22 23 	Path 23 33 	User path 51 100 51

Seed point: 18 29 	Path 34 34 	User path 100 100 100

---------------------

Print path: 



[28 9] [29 9] [29 10] [29 11] [29 12] [29 13] [28 13] 
[28 14] [28 15] [27 15] [27 16] [26 16] [26 17] [26 18] 
[25 18] [25 19] [25 20] [24 20] [24 21] [24 22] [24 23] 
[23 23] [22 23] [22 23] [22 24] [22 25] [22 26] [21 26] 
[21 27] [21 28] [20 28] [20 29] [19 29] [18 29] [18 29] 

		Begin Printing Seed information

Seed point: 28 9 	Path 0 22 	User path 0 51 0

Seed point: 22 23 	Path 23 33 	User path 51 100 51

Seed point: 18 29 	Path 34 39 	User path 100 159 100

Seed point: 14 30 	Path 40 40 	User path 159 159 159

---------------------

Print path: 



[28 9] [29 9] [29 10] [29 11] [29 12] [29 13] [28 13] 
[28 14] [28 15] [27 15] [27 16] [26 16] [26 17] [26 18] 
[25 18] [25 19] [25 20] [24 20] [24 21] [24 22] [24 23] 
[23 23] [22 23] [22 23] [22 24] [22 25] [22 26] [21 26] 
[21 27] [21 28] [20 28] [20 29] [19 29] [18 29] [18 29] 
[18 30] [17 30] [16 30] [15 30] [14 30] [14 30] 

		Begin Printing Seed information

Seed point: 28 9 	Path 0 22 	User path 0 51 0

Seed point: 22 23 	Path 23 33 	User path 51 100 51

Seed point: 18 29 	Path 34 39 	User path 100 159 100

Seed point: 14 30 	Path 40 58 	User path 159 206 159

Seed point: 5 39 	Path 59 59 	User path 206 206 206

---------------------

Print path: 



[28 9] [29 9] [29 10] [29 11] [29 12] [29 13] [28 13] 
[28 14] [28 15] [27 15] [27 16] [26 16] [26 17] [26 18] 
[25 18] [25 19] [25 20] [24 20] [24 21] [24 22] [24 23] 
[23 23] [22 23] [22 23] [22 24] [22 25] [22 26] [21 26] 
[21 27] [21 28] [20 28] [20 29] [19 29] [18 29] [18 29] 
[18 30] [17 30] [16 30] [15 30] [14 30] [14 30] [14 31] 
[13 31] [13 32] [12 32] [12 33] [11 33] [11 34] [10 34] 
[10 35] [10 36] [9 36] [8 36] [8 37] [7 37] [7 38] 
[6 38] [6 39] [5 39] [5 39] 

		Begin Printing Seed information

Seed point: 28 9 	Path 0 22 	User path 0 51 0

Seed point: 22 23 	Path 23 33 	User path 51 100 51

Seed point: 18 29 	Path 34 39 	User path 100 159 100

Seed point: 14 30 	Path 40 58 	User path 159 206 159

Seed point: 5 39 	Path 59 77 	User path 206 274 206

Seed point: 3 55 	Path 78 78 	User path 274 274 274

---------------------

Print path: 



[28 9] [29 9] [29 10] [29 11] [29 12] [29 13] [28 13] 
[28 14] [28 15] [27 15] [27 16] [26 16] [26 17] [26 18] 
[25 18] [25 19] [25 20] [24 20] [24 21] [24 22] [24 23] 
[23 23] [22 23] [22 23] [22 24] [22 25] [22 26] [21 26] 
[21 27] [21 28] [20 28] [20 29] [19 29] [18 29] [18 29] 
[18 30] [17 30] [16 30] [15 30] [14 30] [14 30] [14 31] 
[13 31] [13 32] [12 32] [12 33] [11 33] [11 34] [10 34] 
[10 35] [10 36] [9 36] [8 36] [8 37] [7 37] [7 38] 
[6 38] [6 39] [5 39] [5 39] [5 40] [5 41] [5 42] 
[5 43] [4 43] [4 44] [4 45] [4 46] [3 46] [3 47] 
[3 48] [3 49] [3 50] [3 51] [3 52] [3 53] [3 54] 
[3 55] [3 55] 

		Begin Printing Seed information

Seed point: 28 9 	Path 0 22 	User path 0 51 0

Seed point: 22 23 	Path 23 33 	User path 51 100 51

Seed point: 18 29 	Path 34 39 	User path 100 159 100

Seed point: 14 30 	Path 40 58 	User path 159 206 159

Seed point: 5 39 	Path 59 77 	User path 206 274 206

Seed point: 3 55 	Path 78 100 	User path 274 347 274

Seed point: 17 63 	Path 101 101 	User path 347 347 347

---------------------

Print path: 



[28 9] [29 9] [29 10] [29 11] [29 12] [29 13] [28 13] 
[28 14] [28 15] [27 15] [27 16] [26 16] [26 17] [26 18] 
[25 18] [25 19] [25 20] [24 20] [24 21] [24 22] [24 23] 
[23 23] [22 23] [22 23] [22 24] [22 25] [22 26] [21 26] 
[21 27] [21 28] [20 28] [20 29] [19 29] [18 29] [18 29] 
[18 30] [17 30] [16 30] [15 30] [14 30] [14 30] [14 31] 
[13 31] [13 32] [12 32] [12 33] [11 33] [11 34] [10 34] 
[10 35] [10 36] [9 36] [8 36] [8 37] [7 37] [7 38] 
[6 38] [6 39] [5 39] [5 39] [5 40] [5 41] [5 42] 
[5 43] [4 43] [4 44] [4 45] [4 46] [3 46] [3 47] 
[3 48] [3 49] [3 50] [3 51] [3 52] [3 53] [3 54] 
[3 55] [3 55] [3 56] [4 56] [4 57] [5 57] [5 58] 
[6 58] [7 58] [7 59] [8 59] [9 59] [9 60] [10 60] 
[10 61] [11 61] [12 61] [12 62] [13 62] [14 62] [14 63] 
[15 63] [16 63] [17 63] [17 63] 

		Begin Printing Seed information

Seed point: 28 9 	Path 0 22 	User path 0 51 0

Seed point: 22 23 	Path 23 33 	User path 51 100 51

Seed point: 18 29 	Path 34 39 	User path 100 159 100

Seed point: 14 30 	Path 40 58 	User path 159 206 159

Seed point: 5 39 	Path 59 77 	User path 206 274 206

Seed point: 3 55 	Path 78 100 	User path 274 347 274

Seed point: 17 63 	Path 101 109 	User path 347 383 347

Seed point: 25 63 	Path 110 110 	User path 383 383 383

---------------------

Print path: 



[28 9] [29 9] [29 10] [29 11] [29 12] [29 13] [28 13] 
[28 14] [28 15] [27 15] [27 16] [26 16] [26 17] [26 18] 
[25 18] [25 19] [25 20] [24 20] [24 21] [24 22] [24 23] 
[23 23] [22 23] [22 23] [22 24] [22 25] [22 26] [21 26] 
[21 27] [21 28] [20 28] [20 29] [19 29] [18 29] [18 29] 
[18 30] [17 30] [16 30] [15 30] [14 30] [14 30] [14 31] 
[13 31] [13 32] [12 32] [12 33] [11 33] [11 34] [10 34] 
[10 35] [10 36] [9 36] [8 36] [8 37] [7 37] [7 38] 
[6 38] [6 39] [5 39] [5 39] [5 40] [5 41] [5 42] 
[5 43] [4 43] [4 44] [4 45] [4 46] [3 46] [3 47] 
[3 48] [3 49] [3 50] [3 51] [3 52] [3 53] [3 54] 
[3 55] [3 55] [3 56] [4 56] [4 57] [5 57] [5 58] 
[6 58] [7 58] [7 59] [8 59] [9 59] [9 60] [10 60] 
[10 61] [11 61] [12 61] [12 62] [13 62] [14 62] [14 63] 
[15 63] [16 63] [17 63] [17 63] [18 63] [19 63] [20 63] 
[21 63] [22 63] [23 63] [24 63] [25 63] [25 63] 

		Begin Printing Seed information

Seed point: 28 9 	Path 0 22 	User path 0 51 0

Seed point: 22 23 	Path 23 33 	User path 51 100 51

Seed point: 18 29 	Path 34 39 	User path 100 159 100

Seed point: 14 30 	Path 40 58 	User path 159 206 159

Seed point: 5 39 	Path 59 77 	User path 206 274 206

Seed point: 3 55 	Path 78 100 	User path 274 347 274

Seed point: 17 63 	Path 101 109 	User path 347 383 347

Seed point: 25 63 	Path 110 118 	User path 383 407 383

Seed point: 22 68 	Path 119 119 	User path 407 407 407

---------------------

Print path: 



[28 9] [29 9] [29 10] [29 11] [29 12] [29 13] [28 13] 
[28 14] [28 15] [27 15] [27 16] [26 16] [26 17] [26 18] 
[25 18] [25 19] [25 20] [24 20] [24 21] [24 22] [24 23] 
[23 23] [22 23] [22 23] [22 24] [22 25] [22 26] [21 26] 
[21 27] [21 28] [20 28] [20 29] [19 29] [18 29] [18 29] 
[18 30] [17 30] [16 30] [15 30] [14 30] [14 30] [14 31] 
[13 31] [13 32] [12 32] [12 33] [11 33] [11 34] [10 34] 
[10 35] [10 36] [9 36] [8 36] [8 37] [7 37] [7 38] 
[6 38] [6 39] [5 39] [5 39] [5 40] [5 41] [5 42] 
[5 43] [4 43] [4 44] [4 45] [4 46] [3 46] [3 47] 
[3 48] [3 49] [3 50] [3 51] [3 52] [3 53] [3 54] 
[3 55] [3 55] [3 56] [4 56] [4 57] [5 57] [5 58] 
[6 58] [7 58] [7 59] [8 59] [9 59] [9 60] [10 60] 
[10 61] [11 61] [12 61] [12 62] [13 62] [14 62] [14 63] 
[15 63] [16 63] [17 63] [17 63] [18 63] [19 63] [20 63] 
[21 63] [22 63] [23 63] [24 63] [25 63] [25 63] [25 64] 
[25 65] [25 66] [24 66] [23 66] [23 67] [22 67] [22 68] 
[22 68] 

		Begin Printing Seed information

Seed point: 28 9 	Path 0 22 	User path 0 51 0

Seed point: 22 23 	Path 23 33 	User path 51 100 51

Seed point: 18 29 	Path 34 39 	User path 100 159 100

Seed point: 14 30 	Path 40 58 	User path 159 206 159

Seed point: 5 39 	Path 59 77 	User path 206 274 206

Seed point: 3 55 	Path 78 100 	User path 274 347 274

Seed point: 17 63 	Path 101 109 	User path 347 383 347

Seed point: 25 63 	Path 110 118 	User path 383 407 383

Seed point: 22 68 	Path 119 141 	User path 407 441 407

Seed point: 35 75 	Path 142 142 	User path 441 441 441

---------------------

Print path: 



[28 9] [29 9] [29 10] [29 11] [29 12] [29 13] [28 13] 
[28 14] [28 15] [27 15] [27 16] [26 16] [26 17] [26 18] 
[25 18] [25 19] [25 20] [24 20] [24 21] [24 22] [24 23] 
[23 23] [22 23] [22 23] [22 24] [22 25] [22 26] [21 26] 
[21 27] [21 28] [20 28] [20 29] [19 29] [18 29] [18 29] 
[18 30] [17 30] [16 30] [15 30] [14 30] [14 30] [14 31] 
[13 31] [13 32] [12 32] [12 33] [11 33] [11 34] [10 34] 
[10 35] [10 36] [9 36] [8 36] [8 37] [7 37] [7 38] 
[6 38] [6 39] [5 39] [5 39] [5 40] [5 41] [5 42] 
[5 43] [4 43] [4 44] [4 45] [4 46] [3 46] [3 47] 
[3 48] [3 49] [3 50] [3 51] [3 52] [3 53] [3 54] 
[3 55] [3 55] [3 56] [4 56] [4 57] [5 57] [5 58] 
[6 58] [7 58] [7 59] [8 59] [9 59] [9 60] [10 60] 
[10 61] [11 61] [12 61] [12 62] [13 62] [14 62] [14 63] 
[15 63] [16 63] [17 63] [17 63] [18 63] [19 63] [20 63] 
[21 63] [22 63] [23 63] [24 63] [25 63] [25 63] [25 64] 
[25 65] [25 66] [24 66] [23 66] [23 67] [22 67] [22 68] 
[22 68] [22 67] [23 67] [24 67] [25 67] [25 68] [25 69] 
[25 70] [26 70] [26 71] [27 71] [28 71] [28 72] [29 72] 
[30 72] [30 73] [31 73] [31 74] [32 74] [33 74] [33 75] 
[34 75] [35 75] [35 75] 

		Begin Printing Seed information

Seed point: 28 9 	Path 0 22 	User path 0 51 0

Seed point: 22 23 	Path 23 33 	User path 51 100 51

Seed point: 18 29 	Path 34 39 	User path 100 159 100

Seed point: 14 30 	Path 40 58 	User path 159 206 159

Seed point: 5 39 	Path 59 77 	User path 206 274 206

Seed point: 3 55 	Path 78 100 	User path 274 347 274

Seed point: 17 63 	Path 101 109 	User path 347 383 347

Seed point: 25 63 	Path 110 118 	User path 383 407 383

Seed point: 22 68 	Path 119 141 	User path 407 441 407

Seed point: 35 75 	Path 142 143 	User path 441 538 441

Seed point: 36 75 	Path 144 144 	User path 538 538 538

---------------------

Print path: 



[28 9] [29 9] [29 10] [29 11] [29 12] [29 13] [28 13] 
[28 14] [28 15] [27 15] [27 16] [26 16] [26 17] [26 18] 
[25 18] [25 19] [25 20] [24 20] [24 21] [24 22] [24 23] 
[23 23] [22 23] [22 23] [22 24] [22 25] [22 26] [21 26] 
[21 27] [21 28] [20 28] [20 29] [19 29] [18 29] [18 29] 
[18 30] [17 30] [16 30] [15 30] [14 30] [14 30] [14 31] 
[13 31] [13 32] [12 32] [12 33] [11 33] [11 34] [10 34] 
[10 35] [10 36] [9 36] [8 36] [8 37] [7 37] [7 38] 
[6 38] [6 39] [5 39] [5 39] [5 40] [5 41] [5 42] 
[5 43] [4 43] [4 44] [4 45] [4 46] [3 46] [3 47] 
[3 48] [3 49] [3 50] [3 51] [3 52] [3 53] [3 54] 
[3 55] [3 55] [3 56] [4 56] [4 57] [5 57] [5 58] 
[6 58] [7 58] [7 59] [8 59] [9 59] [9 60] [10 60] 
[10 61] [11 61] [12 61] [12 62] [13 62] [14 62] [14 63] 
[15 63] [16 63] [17 63] [17 63] [18 63] [19 63] [20 63] 
[21 63] [22 63] [23 63] [24 63] [25 63] [25 63] [25 64] 
[25 65] [25 66] [24 66] [23 66] [23 67] [22 67] [22 68] 
[22 68] [22 67] [23 67] [24 67] [25 67] [25 68] [25 69] 
[25 70] [26 70] [26 71] [27 71] [28 71] [28 72] [29 72] 
[30 72] [30 73] [31 73] [31 74] [32 74] [33 74] [33 75] 
[34 75] [35 75] [35 75] [36 75] [36 75] 

		Begin Printing Seed information

Seed point: 28 9 	Path 0 22 	User path 0 51 0

Seed point: 22 23 	Path 23 33 	User path 51 100 51

Seed point: 18 29 	Path 34 39 	User path 100 159 100

Seed point: 14 30 	Path 40 58 	User path 159 206 159

Seed point: 5 39 	Path 59 77 	User path 206 274 206

Seed point: 3 55 	Path 78 100 	User path 274 347 274

Seed point: 17 63 	Path 101 109 	User path 347 383 347

Seed point: 25 63 	Path 110 118 	User path 383 407 383

Seed point: 22 68 	Path 119 141 	User path 407 441 407

Seed point: 35 75 	Path 142 143 	User path 441 538 441

Seed point: 36 75 	Path 144 164 	User path 538 630 538

Seed point: 50 69 	Path 165 165 	User path 650 650 650

---------------------

Print path: 



[28 9] [29 9] [29 10] [29 11] [29 12] [29 13] [28 13] 
[28 14] [28 15] [27 15] [27 16] [26 16] [26 17] [26 18] 
[25 18] [25 19] [25 20] [24 20] [24 21] [24 22] [24 23] 
[23 23] [22 23] [22 23] [22 24] [22 25] [22 26] [21 26] 
[21 27] [21 28] [20 28] [20 29] [19 29] [18 29] [18 29] 
[18 30] [17 30] [16 30] [15 30] [14 30] [14 30] [14 31] 
[13 31] [13 32] [12 32] [12 33] [11 33] [11 34] [10 34] 
[10 35] [10 36] [9 36] [8 36] [8 37] [7 37] [7 38] 
[6 38] [6 39] [5 39] [5 39] [5 40] [5 41] [5 42] 
[5 43] [4 43] [4 44] [4 45] [4 46] [3 46] [3 47] 
[3 48] [3 49] [3 50] [3 51] [3 52] [3 53] [3 54] 
[3 55] [3 55] [3 56] [4 56] [4 57] [5 57] [5 58] 
[6 58] [7 58] [7 59] [8 59] [9 59] [9 60] [10 60] 
[10 61] [11 61] [12 61] [12 62] [13 62] [14 62] [14 63] 
[15 63] [16 63] [17 63] [17 63] [18 63] [19 63] [20 63] 
[21 63] [22 63] [23 63] [24 63] [25 63] [25 63] [25 64] 
[25 65] [25 66] [24 66] [23 66] [23 67] [22 67] [22 68] 
[22 68] [22 67] [23 67] [24 67] [25 67] [25 68] [25 69] 
[25 70] [26 70] [26 71] [27 71] [28 71] [28 72] [29 72] 
[30 72] [30 73] [31 73] [31 74] [32 74] [33 74] [33 75] 
[34 75] [35 75] [35 75] [36 75] [36 75] [37 75] [37 74] 
[38 74] [39 74] [40 74] [41 74] [42 74] [43 74] [43 73] 
[44 73] [45 73] [46 73] [47 73] [48 73] [49 73] [49 72] 
[49 71] [50 71] [50 70] [50 69] [50 69] 

		Begin Printing Seed information

Seed point: 28 9 	Path 0 22 	User path 0 51 0

Seed point: 22 23 	Path 23 33 	User path 51 100 51

Seed point: 18 29 	Path 34 39 	User path 100 159 100

Seed point: 14 30 	Path 40 58 	User path 159 206 159

Seed point: 5 39 	Path 59 77 	User path 206 274 206

Seed point: 3 55 	Path 78 100 	User path 274 347 274

Seed point: 17 63 	Path 101 109 	User path 347 383 347

Seed point: 25 63 	Path 110 118 	User path 383 407 383

Seed point: 22 68 	Path 119 141 	User path 407 441 407

Seed point: 35 75 	Path 142 143 	User path 441 538 441

Seed point: 36 75 	Path 144 164 	User path 538 630 538

Seed point: 50 69 	Path 165 186 	User path 630 672 630

Seed point: 46 58 	Path 187 187 	User path 692 692 692

---------------------

Print path: 



[28 9] [29 9] [29 10] [29 11] [29 12] [29 13] [28 13] 
[28 14] [28 15] [27 15] [27 16] [26 16] [26 17] [26 18] 
[25 18] [25 19] [25 20] [24 20] [24 21] [24 22] [24 23] 
[23 23] [22 23] [22 23] [22 24] [22 25] [22 26] [21 26] 
[21 27] [21 28] [20 28] [20 29] [19 29] [18 29] [18 29] 
[18 30] [17 30] [16 30] [15 30] [14 30] [14 30] [14 31] 
[13 31] [13 32] [12 32] [12 33] [11 33] [11 34] [10 34] 
[10 35] [10 36] [9 36] [8 36] [8 37] [7 37] [7 38] 
[6 38] [6 39] [5 39] [5 39] [5 40] [5 41] [5 42] 
[5 43] [4 43] [4 44] [4 45] [4 46] [3 46] [3 47] 
[3 48] [3 49] [3 50] [3 51] [3 52] [3 53] [3 54] 
[3 55] [3 55] [3 56] [4 56] [4 57] [5 57] [5 58] 
[6 58] [7 58] [7 59] [8 59] [9 59] [9 60] [10 60] 
[10 61] [11 61] [12 61] [12 62] [13 62] [14 62] [14 63] 
[15 63] [16 63] [17 63] [17 63] [18 63] [19 63] [20 63] 
[21 63] [22 63] [23 63] [24 63] [25 63] [25 63] [25 64] 
[25 65] [25 66] [24 66] [23 66] [23 67] [22 67] [22 68] 
[22 68] [22 67] [23 67] [24 67] [25 67] [25 68] [25 69] 
[25 70] [26 70] [26 71] [27 71] [28 71] [28 72] [29 72] 
[30 72] [30 73] [31 73] [31 74] [32 74] [33 74] [33 75] 
[34 75] [35 75] [35 75] [36 75] [36 75] [37 75] [37 74] 
[38 74] [39 74] [40 74] [41 74] [42 74] [43 74] [43 73] 
[44 73] [45 73] [46 73] [47 73] [48 73] [49 73] [49 72] 
[49 71] [50 71] [50 70] [50 69] [50 69] [50 68] [50 67] 
[50 66] [50 65] [50 64] [51 64] [52 64] [52 63] [52 62] 
[52 61] [53 61] [53 60] [53 59] [53 58] [52 58] [51 58] 
[50 58] [49 58] [48 58] [47 58] [46 58] [46 58] 

		Begin Printing Seed information

Seed point: 28 9 	Path 0 22 	User path 0 51 0

Seed point: 22 23 	Path 23 33 	User path 51 100 51

Seed point: 18 29 	Path 34 39 	User path 100 159 100

Seed point: 14 30 	Path 40 58 	User path 159 206 159

Seed point: 5 39 	Path 59 77 	User path 206 274 206

Seed point: 3 55 	Path 78 100 	User path 274 347 274

Seed point: 17 63 	Path 101 109 	User path 347 383 347

Seed point: 25 63 	Path 110 118 	User path 383 407 383

Seed point: 22 68 	Path 119 141 	User path 407 441 407

Seed point: 35 75 	Path 142 143 	User path 441 538 441

Seed point: 36 75 	Path 144 164 	User path 538 630 538

Seed point: 50 69 	Path 165 186 	User path 630 672 630

Seed point: 46 58 	Path 187 216 	User path 672 693 672

Seed point: 28 68 	Path 217 217 	User path 714 714 714

---------------------

Print path: 



[28 9] [29 9] [29 10] [29 11] [29 12] [29 13] [28 13] 
[28 14] [28 15] [27 15] [27 16] [26 16] [26 17] [26 18] 
[25 18] [25 19] [25 20] [24 20] [24 21] [24 22] [24 23] 
[23 23] [22 23] [22 23] [22 24] [22 25] [22 26] [21 26] 
[21 27] [21 28] [20 28] [20 29] [19 29] [18 29] [18 29] 
[18 30] [17 30] [16 30] [15 30] [14 30] [14 30] [14 31] 
[13 31] [13 32] [12 32] [12 33] [11 33] [11 34] [10 34] 
[10 35] [10 36] [9 36] [8 36] [8 37] [7 37] [7 38] 
[6 38] [6 39] [5 39] [5 39] [5 40] [5 41] [5 42] 
[5 43] [4 43] [4 44] [4 45] [4 46] [3 46] [3 47] 
[3 48] [3 49] [3 50] [3 51] [3 52] [3 53] [3 54] 
[3 55] [3 55] [3 56] [4 56] [4 57] [5 57] [5 58] 
[6 58] [7 58] [7 59] [8 59] [9 59] [9 60] [10 60] 
[10 61] [11 61] [12 61] [12 62] [13 62] [14 62] [14 63] 
[15 63] [16 63] [17 63] [17 63] [18 63] [19 63] [20 63] 
[21 63] [22 63] [23 63] [24 63] [25 63] [25 63] [25 64] 
[25 65] [25 66] [24 66] [23 66] [23 67] [22 67] [22 68] 
[22 68] [22 67] [23 67] [24 67] [25 67] [25 68] [25 69] 
[25 70] [26 70] [26 71] [27 71] [28 71] [28 72] [29 72] 
[30 72] [30 73] [31 73] [31 74] [32 74] [33 74] [33 75] 
[34 75] [35 75] [35 75] [36 75] [36 75] [37 75] [37 74] 
[38 74] [39 74] [40 74] [41 74] [42 74] [43 74] [43 73] 
[44 73] [45 73] [46 73] [47 73] [48 73] [49 73] [49 72] 
[49 71] [50 71] [50 70] [50 69] [50 69] [50 68] [50 67] 
[50 66] [50 65] [50 64] [51 64] [52 64] [52 63] [52 62] 
[52 61] [53 61] [53 60] [53 59] [53 58] [52 58] [51 58] 
[50 58] [49 58] [48 58] [47 58] [46 58] [46 58] [45 58] 
[45 59] [45 60] [45 61] [45 62] [45 63] [45 64] [45 65] 
[45 66] [44 66] [43 66] [42 66] [41 66] [40 66] [39 66] 
[38 66] [37 66] [37 67] [36 67] [36 68] [35 68] [34 68] 
[33 68] [33 69] [32 69] [31 69] [30 68] [29 67] [28 68] 
[28 68] 

		Begin Printing Seed information

Seed point: 28 9 	Path 0 22 	User path 0 51 0

Seed point: 22 23 	Path 23 33 	User path 51 100 51

Seed point: 18 29 	Path 34 39 	User path 100 159 100

Seed point: 14 30 	Path 40 58 	User path 159 206 159

Seed point: 5 39 	Path 59 77 	User path 206 274 206

Seed point: 3 55 	Path 78 100 	User path 274 347 274

Seed point: 17 63 	Path 101 109 	User path 347 383 347

Seed point: 25 63 	Path 110 118 	User path 383 407 383

Seed point: 22 68 	Path 119 141 	User path 407 441 407

Seed point: 35 75 	Path 142 143 	User path 441 538 441

Seed point: 36 75 	Path 144 164 	User path 538 630 538

Seed point: 50 69 	Path 165 186 	User path 630 672 630

Seed point: 46 58 	Path 187 216 	User path 672 693 672

Seed point: 28 68 	Path 217 223 	User path 693 715 693

Seed point: 23 67 	Path 224 224 	User path 715 715 715

---------------------

Print path: 



[28 9] [29 9] [29 10] [29 11] [29 12] [29 13] [28 13] 
[28 14] [28 15] [27 15] [27 16] [26 16] [26 17] [26 18] 
[25 18] [25 19] [25 20] [24 20] [24 21] [24 22] [24 23] 
[23 23] [22 23] [22 23] [22 24] [22 25] [22 26] [21 26] 
[21 27] [21 28] [20 28] [20 29] [19 29] [18 29] [18 29] 
[18 30] [17 30] [16 30] [15 30] [14 30] [14 30] [14 31] 
[13 31] [13 32] [12 32] [12 33] [11 33] [11 34] [10 34] 
[10 35] [10 36] [9 36] [8 36] [8 37] [7 37] [7 38] 
[6 38] [6 39] [5 39] [5 39] [5 40] [5 41] [5 42] 
[5 43] [4 43] [4 44] [4 45] [4 46] [3 46] [3 47] 
[3 48] [3 49] [3 50] [3 51] [3 52] [3 53] [3 54] 
[3 55] [3 55] [3 56] [4 56] [4 57] [5 57] [5 58] 
[6 58] [7 58] [7 59] [8 59] [9 59] [9 60] [10 60] 
[10 61] [11 61] [12 61] [12 62] [13 62] [14 62] [14 63] 
[15 63] [16 63] [17 63] [17 63] [18 63] [19 63] [20 63] 
[21 63] [22 63] [23 63] [24 63] [25 63] [25 63] [25 64] 
[25 65] [25 66] [24 66] [23 66] [23 67] [22 67] [22 68] 
[22 68] [22 67] [23 67] [24 67] [25 67] [25 68] [25 69] 
[25 70] [26 70] [26 71] [27 71] [28 71] [28 72] [29 72] 
[30 72] [30 73] [31 73] [31 74] [32 74] [33 74] [33 75] 
[34 75] [35 75] [35 75] [36 75] [36 75] [37 75] [37 74] 
[38 74] [39 74] [40 74] [41 74] [42 74] [43 74] [43 73] 
[44 73] [45 73] [46 73] [47 73] [48 73] [49 73] [49 72] 
[49 71] [50 71] [50 70] [50 69] [50 69] [50 68] [50 67] 
[50 66] [50 65] [50 64] [51 64] [52 64] [52 63] [52 62] 
[52 61] [53 61] [53 60] [53 59] [53 58] [52 58] [51 58] 
[50 58] [49 58] [48 58] [47 58] [46 58] [46 58] [45 58] 
[45 59] [45 60] [45 61] [45 62] [45 63] [45 64] [45 65] 
[45 66] [44 66] [43 66] [42 66] [41 66] [40 66] [39 66] 
[38 66] [37 66] [37 67] [36 67] [36 68] [35 68] [34 68] 
[33 68] [33 69] [32 69] [31 69] [30 68] [29 67] [28 68] 
[28 68] [27 68] [26 68] [25 68] [25 67] [24 67] [23 67] 
[23 67] 

		Begin Printing Seed information

Seed point: 28 9 	Path 0 22 	User path 0 51 0

Seed point: 22 23 	Path 23 33 	User path 51 100 51

Seed point: 18 29 	Path 34 39 	User path 100 159 100

Seed point: 14 30 	Path 40 58 	User path 159 206 159

Seed point: 5 39 	Path 59 77 	User path 206 274 206

Seed point: 3 55 	Path 78 100 	User path 274 347 274

Seed point: 17 63 	Path 101 109 	User path 347 383 347

Seed point: 25 63 	Path 110 118 	User path 383 407 383

Seed point: 22 68 	Path 119 141 	User path 407 441 407

Seed point: 35 75 	Path 142 143 	User path 441 538 441

Seed point: 36 75 	Path 144 164 	User path 538 630 538

Seed point: 50 69 	Path 165 186 	User path 630 672 630

Seed point: 46 58 	Path 187 216 	User path 672 693 672

Seed point: 28 68 	Path 217 223 	User path 693 715 693

Seed point: 23 67 	Path 224 247 	User path 715 736 715

Seed point: 33 54 	Path 248 248 	User path 756 756 756

---------------------

Print path: 



[28 9] [29 9] [29 10] [29 11] [29 12] [29 13] [28 13] 
[28 14] [28 15] [27 15] [27 16] [26 16] [26 17] [26 18] 
[25 18] [25 19] [25 20] [24 20] [24 21] [24 22] [24 23] 
[23 23] [22 23] [22 23] [22 24] [22 25] [22 26] [21 26] 
[21 27] [21 28] [20 28] [20 29] [19 29] [18 29] [18 29] 
[18 30] [17 30] [16 30] [15 30] [14 30] [14 30] [14 31] 
[13 31] [13 32] [12 32] [12 33] [11 33] [11 34] [10 34] 
[10 35] [10 36] [9 36] [8 36] [8 37] [7 37] [7 38] 
[6 38] [6 39] [5 39] [5 39] [5 40] [5 41] [5 42] 
[5 43] [4 43] [4 44] [4 45] [4 46] [3 46] [3 47] 
[3 48] [3 49] [3 50] [3 51] [3 52] [3 53] [3 54] 
[3 55] [3 55] [3 56] [4 56] [4 57] [5 57] [5 58] 
[6 58] [7 58] [7 59] [8 59] [9 59] [9 60] [10 60] 
[10 61] [11 61] [12 61] [12 62] [13 62] [14 62] [14 63] 
[15 63] [16 63] [17 63] [17 63] [18 63] [19 63] [20 63] 
[21 63] [22 63] [23 63] [24 63] [25 63] [25 63] [25 64] 
[25 65] [25 66] [24 66] [23 66] [23 67] [22 67] [22 68] 
[22 68] [22 67] [23 67] [24 67] [25 67] [25 68] [25 69] 
[25 70] [26 70] [26 71] [27 71] [28 71] [28 72] [29 72] 
[30 72] [30 73] [31 73] [31 74] [32 74] [33 74] [33 75] 
[34 75] [35 75] [35 75] [36 75] [36 75] [37 75] [37 74] 
[38 74] [39 74] [40 74] [41 74] [42 74] [43 74] [43 73] 
[44 73] [45 73] [46 73] [47 73] [48 73] [49 73] [49 72] 
[49 71] [50 71] [50 70] [50 69] [50 69] [50 68] [50 67] 
[50 66] [50 65] [50 64] [51 64] [52 64] [52 63] [52 62] 
[52 61] [53 61] [53 60] [53 59] [53 58] [52 58] [51 58] 
[50 58] [49 58] [48 58] [47 58] [46 58] [46 58] [45 58] 
[45 59] [45 60] [45 61] [45 62] [45 63] [45 64] [45 65] 
[45 66] [44 66] [43 66] [42 66] [41 66] [40 66] [39 66] 
[38 66] [37 66] [37 67] [36 67] [36 68] [35 68] [34 68] 
[33 68] [33 69] [32 69] [31 69] [30 68] [29 67] [28 68] 
[28 68] [27 68] [26 68] [25 68] [25 67] [24 67] [23 67] 
[23 67] [23 66] [24 66] [25 66] [26 66] [27 66] [27 65] 
[28 65] [28 64] [29 64] [29 63] [29 62] [29 61] [29 60] 
[29 59] [29 58] [29 57] [29 56] [30 56] [31 56] [31 55] 
[31 54] [32 54] [33 54] [33 54] 

		Begin Printing Seed information

Seed point: 28 9 	Path 0 22 	User path 0 51 0

Seed point: 22 23 	Path 23 33 	User path 51 100 51

Seed point: 18 29 	Path 34 39 	User path 100 159 100

Seed point: 14 30 	Path 40 58 	User path 159 206 159

Seed point: 5 39 	Path 59 77 	User path 206 274 206

Seed point: 3 55 	Path 78 100 	User path 274 347 274

Seed point: 17 63 	Path 101 109 	User path 347 383 347

Seed point: 25 63 	Path 110 118 	User path 383 407 383

Seed point: 22 68 	Path 119 141 	User path 407 441 407

Seed point: 35 75 	Path 142 143 	User path 441 538 441

Seed point: 36 75 	Path 144 164 	User path 538 630 538

Seed point: 50 69 	Path 165 186 	User path 630 672 630

Seed point: 46 58 	Path 187 216 	User path 672 693 672

Seed point: 28 68 	Path 217 223 	User path 693 715 693

Seed point: 23 67 	Path 224 247 	User path 715 736 715

Seed point: 33 54 	Path 248 300 	User path 736 766 736

Seed point: 19 27 	Path 301 301 	User path 766 766 766

---------------------

Print path: 



[28 9] [29 9] [29 10] [29 11] [29 12] [29 13] [28 13] 
[28 14] [28 15] [27 15] [27 16] [26 16] [26 17] [26 18] 
[25 18] [25 19] [25 20] [24 20] [24 21] [24 22] [24 23] 
[23 23] [22 23] [22 23] [22 24] [22 25] [22 26] [21 26] 
[21 27] [21 28] [20 28] [20 29] [19 29] [18 29] [18 29] 
[18 30] [17 30] [16 30] [15 30] [14 30] [14 30] [14 31] 
[13 31] [13 32] [12 32] [12 33] [11 33] [11 34] [10 34] 
[10 35] [10 36] [9 36] [8 36] [8 37] [7 37] [7 38] 
[6 38] [6 39] [5 39] [5 39] [5 40] [5 41] [5 42] 
[5 43] [4 43] [4 44] [4 45] [4 46] [3 46] [3 47] 
[3 48] [3 49] [3 50] [3 51] [3 52] [3 53] [3 54] 
[3 55] [3 55] [3 56] [4 56] [4 57] [5 57] [5 58] 
[6 58] [7 58] [7 59] [8 59] [9 59] [9 60] [10 60] 
[10 61] [11 61] [12 61] [12 62] [13 62] [14 62] [14 63] 
[15 63] [16 63] [17 63] [17 63] [18 63] [19 63] [20 63] 
[21 63] [22 63] [23 63] [24 63] [25 63] [25 63] [25 64] 
[25 65] [25 66] [24 66] [23 66] [23 67] [22 67] [22 68] 
[22 68] [22 67] [23 67] [24 67] [25 67] [25 68] [25 69] 
[25 70] [26 70] [26 71] [27 71] [28 71] [28 72] [29 72] 
[30 72] [30 73] [31 73] [31 74] [32 74] [33 74] [33 75] 
[34 75] [35 75] [35 75] [36 75] [36 75] [37 75] [37 74] 
[38 74] [39 74] [40 74] [41 74] [42 74] [43 74] [43 73] 
[44 73] [45 73] [46 73] [47 73] [48 73] [49 73] [49 72] 
[49 71] [50 71] [50 70] [50 69] [50 69] [50 68] [50 67] 
[50 66] [50 65] [50 64] [51 64] [52 64] [52 63] [52 62] 
[52 61] [53 61] [53 60] [53 59] [53 58] [52 58] [51 58] 
[50 58] [49 58] [48 58] [47 58] [46 58] [46 58] [45 58] 
[45 59] [45 60] [45 61] [45 62] [45 63] [45 64] [45 65] 
[45 66] [44 66] [43 66] [42 66] [41 66] [40 66] [39 66] 
[38 66] [37 66] [37 67] [36 67] [36 68] [35 68] [34 68] 
[33 68] [33 69] [32 69] [31 69] [30 68] [29 67] [28 68] 
[28 68] [27 68] [26 68] [25 68] [25 67] [24 67] [23 67] 
[23 67] [23 66] [24 66] [25 66] [26 66] [27 66] [27 65] 
[28 65] [28 64] [29 64] [29 63] [29 62] [29 61] [29 60] 
[29 59] [29 58] [29 57] [29 56] [30 56] [31 56] [31 55] 
[31 54] [32 54] [33 54] [33 54] [33 53] [33 52] [33 51] 
[34 51] [35 50] [36 50] [36 49] [36 48] [36 47] [36 46] 
[36 45] [36 44] [36 43] [36 42] [36 41] [35 41] [34 41] 
[33 41] [32 40] [31 39] [31 38] [31 37] [31 36] [31 35] 
[31 34] [31 33] [30 33] [29 33] [29 32] [29 31] [28 31] 
[28 30] [28 29] [28 28] [27 28] [27 27] [26 27] [26 26] 
[26 25] [26 24] [26 23] [25 23] [24 23] [23 23] [23 24] 
[22 24] [22 25] [22 26] [22 27] [21 27] [20 27] [19 27] 
[19 27] 

		Begin Printing Seed information

Seed point: 28 9 	Path 0 22 	User path 0 51 0

Seed point: 22 23 	Path 23 33 	User path 51 100 51

Seed point: 18 29 	Path 34 39 	User path 100 159 100

Seed point: 14 30 	Path 40 58 	User path 159 206 159

Seed point: 5 39 	Path 59 77 	User path 206 274 206

Seed point: 3 55 	Path 78 100 	User path 274 347 274

Seed point: 17 63 	Path 101 109 	User path 347 383 347

Seed point: 25 63 	Path 110 118 	User path 383 407 383

Seed point: 22 68 	Path 119 141 	User path 407 441 407

Seed point: 35 75 	Path 142 143 	User path 441 538 441

Seed point: 36 75 	Path 144 164 	User path 538 630 538

Seed point: 50 69 	Path 165 186 	User path 630 672 630

Seed point: 46 58 	Path 187 216 	User path 672 693 672

Seed point: 28 68 	Path 217 223 	User path 693 715 693

Seed point: 23 67 	Path 224 247 	User path 715 736 715

Seed point: 33 54 	Path 248 300 	User path 736 766 736

Seed point: 19 27 	Path 301 323 	User path 766 785 766

Seed point: 30 16 	Path 324 324 	User path 809 809 809

---------------------

Print path: 



[28 9] [29 9] [29 10] [29 11] [29 12] [29 13] [28 13] 
[28 14] [28 15] [27 15] [27 16] [26 16] [26 17] [26 18] 
[25 18] [25 19] [25 20] [24 20] [24 21] [24 22] [24 23] 
[23 23] [22 23] [22 23] [22 24] [22 25] [22 26] [21 26] 
[21 27] [21 28] [20 28] [20 29] [19 29] [18 29] [18 29] 
[18 30] [17 30] [16 30] [15 30] [14 30] [14 30] [14 31] 
[13 31] [13 32] [12 32] [12 33] [11 33] [11 34] [10 34] 
[10 35] [10 36] [9 36] [8 36] [8 37] [7 37] [7 38] 
[6 38] [6 39] [5 39] [5 39] [5 40] [5 41] [5 42] 
[5 43] [4 43] [4 44] [4 45] [4 46] [3 46] [3 47] 
[3 48] [3 49] [3 50] [3 51] [3 52] [3 53] [3 54] 
[3 55] [3 55] [3 56] [4 56] [4 57] [5 57] [5 58] 
[6 58] [7 58] [7 59] [8 59] [9 59] [9 60] [10 60] 
[10 61] [11 61] [12 61] [12 62] [13 62] [14 62] [14 63] 
[15 63] [16 63] [17 63] [17 63] [18 63] [19 63] [20 63] 
[21 63] [22 63] [23 63] [24 63] [25 63] [25 63] [25 64] 
[25 65] [25 66] [24 66] [23 66] [23 67] [22 67] [22 68] 
[22 68] [22 67] [23 67] [24 67] [25 67] [25 68] [25 69] 
[25 70] [26 70] [26 71] [27 71] [28 71] [28 72] [29 72] 
[30 72] [30 73] [31 73] [31 74] [32 74] [33 74] [33 75] 
[34 75] [35 75] [35 75] [36 75] [36 75] [37 75] [37 74] 
[38 74] [39 74] [40 74] [41 74] [42 74] [43 74] [43 73] 
[44 73] [45 73] [46 73] [47 73] [48 73] [49 73] [49 72] 
[49 71] [50 71] [50 70] [50 69] [50 69] [50 68] [50 67] 
[50 66] [50 65] [50 64] [51 64] [52 64] [52 63] [52 62] 
[52 61] [53 61] [53 60] [53 59] [53 58] [52 58] [51 58] 
[50 58] [49 58] [48 58] [47 58] [46 58] [46 58] [45 58] 
[45 59] [45 60] [45 61] [45 62] [45 63] [45 64] [45 65] 
[45 66] [44 66] [43 66] [42 66] [41 66] [40 66] [39 66] 
[38 66] [37 66] [37 67] [36 67] [36 68] [35 68] [34 68] 
[33 68] [33 69] [32 69] [31 69] [30 68] [29 67] [28 68] 
[28 68] [27 68] [26 68] [25 68] [25 67] [24 67] [23 67] 
[23 67] [23 66] [24 66] [25 66] [26 66] [27 66] [27 65] 
[28 65] [28 64] [29 64] [29 63] [29 62] [29 61] [29 60] 
[29 59] [29 58] [29 57] [29 56] [30 56] [31 56] [31 55] 
[31 54] [32 54] [33 54] [33 54] [33 53] [33 52] [33 51] 
[34 51] [35 50] [36 50] [36 49] [36 48] [36 47] [36 46] 
[36 45] [36 44] [36 43] [36 42] [36 41] [35 41] [34 41] 
[33 41] [32 40] [31 39] [31 38] [31 37] [31 36] [31 35] 
[31 34] [31 33] [30 33] [29 33] [29 32] [29 31] [28 31] 
[28 30] [28 29] [28 28] [27 28] [27 27] [26 27] [26 26] 
[26 25] [26 24] [26 23] [25 23] [24 23] [23 23] [23 24] 
[22 24] [22 25] [22 26] [22 27] [21 27] [20 27] [19 27] 
[19 27] [20 27] [21 27] [22 27] [22 26] [22 25] [22 24] 
[23 24] [23 23] [24 23] [24 22] [24 21] [24 20] [25 20] 
[25 19] [26 19] [27 19] [28 19] [28 18] [29 18] [29 17] 
[29 16] [30 16] [30 16] 

		Begin Printing Seed information

Seed point: 28 9 	Path 0 22 	User path 0 51 0

Seed point: 22 23 	Path 23 33 	User path 51 100 51

Seed point: 18 29 	Path 34 39 	User path 100 159 100

Seed point: 14 30 	Path 40 58 	User path 159 206 159

Seed point: 5 39 	Path 59 77 	User path 206 274 206

Seed point: 3 55 	Path 78 100 	User path 274 347 274

Seed point: 17 63 	Path 101 109 	User path 347 383 347

Seed point: 25 63 	Path 110 118 	User path 383 407 383

Seed point: 22 68 	Path 119 141 	User path 407 441 407

Seed point: 35 75 	Path 142 143 	User path 441 538 441

Seed point: 36 75 	Path 144 164 	User path 538 630 538

Seed point: 50 69 	Path 165 186 	User path 630 672 630

Seed point: 46 58 	Path 187 216 	User path 672 693 672

Seed point: 28 68 	Path 217 223 	User path 693 715 693

Seed point: 23 67 	Path 224 247 	User path 715 736 715

Seed point: 33 54 	Path 248 300 	User path 736 766 736

Seed point: 19 27 	Path 301 323 	User path 766 785 766

Seed point: 30 16 	Path 324 335 	User path 785 817 785

Seed point: 29 8 	Path 336 336 	User path 817 817 817

---------------------

Print path: 



[28 9] [29 9] [29 10] [29 11] [29 12] [29 13] [28 13] 
[28 14] [28 15] [27 15] [27 16] [26 16] [26 17] [26 18] 
[25 18] [25 19] [25 20] [24 20] [24 21] [24 22] [24 23] 
[23 23] [22 23] [22 23] [22 24] [22 25] [22 26] [21 26] 
[21 27] [21 28] [20 28] [20 29] [19 29] [18 29] [18 29] 
[18 30] [17 30] [16 30] [15 30] [14 30] [14 30] [14 31] 
[13 31] [13 32] [12 32] [12 33] [11 33] [11 34] [10 34] 
[10 35] [10 36] [9 36] [8 36] [8 37] [7 37] [7 38] 
[6 38] [6 39] [5 39] [5 39] [5 40] [5 41] [5 42] 
[5 43] [4 43] [4 44] [4 45] [4 46] [3 46] [3 47] 
[3 48] [3 49] [3 50] [3 51] [3 52] [3 53] [3 54] 
[3 55] [3 55] [3 56] [4 56] [4 57] [5 57] [5 58] 
[6 58] [7 58] [7 59] [8 59] [9 59] [9 60] [10 60] 
[10 61] [11 61] [12 61] [12 62] [13 62] [14 62] [14 63] 
[15 63] [16 63] [17 63] [17 63] [18 63] [19 63] [20 63] 
[21 63] [22 63] [23 63] [24 63] [25 63] [25 63] [25 64] 
[25 65] [25 66] [24 66] [23 66] [23 67] [22 67] [22 68] 
[22 68] [22 67] [23 67] [24 67] [25 67] [25 68] [25 69] 
[25 70] [26 70] [26 71] [27 71] [28 71] [28 72] [29 72] 
[30 72] [30 73] [31 73] [31 74] [32 74] [33 74] [33 75] 
[34 75] [35 75] [35 75] [36 75] [36 75] [37 75] [37 74] 
[38 74] [39 74] [40 74] [41 74] [42 74] [43 74] [43 73] 
[44 73] [45 73] [46 73] [47 73] [48 73] [49 73] [49 72] 
[49 71] [50 71] [50 70] [50 69] [50 69] [50 68] [50 67] 
[50 66] [50 65] [50 64] [51 64] [52 64] [52 63] [52 62] 
[52 61] [53 61] [53 60] [53 59] [53 58] [52 58] [51 58] 
[50 58] [49 58] [48 58] [47 58] [46 58] [46 58] [45 58] 
[45 59] [45 60] [45 61] [45 62] [45 63] [45 64] [45 65] 
[45 66] [44 66] [43 66] [42 66] [41 66] [40 66] [39 66] 
[38 66] [37 66] [37 67] [36 67] [36 68] [35 68] [34 68] 
[33 68] [33 69] [32 69] [31 69] [30 68] [29 67] [28 68] 
[28 68] [27 68] [26 68] [25 68] [25 67] [24 67] [23 67] 
[23 67] [23 66] [24 66] [25 66] [26 66] [27 66] [27 65] 
[28 65] [28 64] [29 64] [29 63] [29 62] [29 61] [29 60] 
[29 59] [29 58] [29 57] [29 56] [30 56] [31 56] [31 55] 
[31 54] [32 54] [33 54] [33 54] [33 53] [33 52] [33 51] 
[34 51] [35 50] [36 50] [36 49] [36 48] [36 47] [36 46] 
[36 45] [36 44] [36 43] [36 42] [36 41] [35 41] [34 41] 
[33 41] [32 40] [31 39] [31 38] [31 37] [31 36] [31 35] 
[31 34] [31 33] [30 33] [29 33] [29 32] [29 31] [28 31] 
[28 30] [28 29] [28 28] [27 28] [27 27] [26 27] [26 26] 
[26 25] [26 24] [26 23] [25 23] [24 23] [23 23] [23 24] 
[22 24] [22 25] [22 26] [22 27] [21 27] [20 27] [19 27] 
[19 27] [20 27] [21 27] [22 27] [22 26] [22 25] [22 24] 
[23 24] [23 23] [24 23] [24 22] [24 21] [24 20] [25 20] 
[25 19] [26 19] [27 19] [28 19] [28 18] [29 18] [29 17] 
[29 16] [30 16] [30 16] [30 15] [30 14] [29 14] [29 13] 
[29 12] [29 11] [29 10] [30 10] [30 9] [30 8] [29 8] 
[29 8] 

		Begin Printing Seed information

Seed point: 28 9 	Path 0 22 	User path 0 51 0

Seed point: 22 23 	Path 23 33 	User path 51 100 51

Seed point: 18 29 	Path 34 39 	User path 100 159 100

Seed point: 14 30 	Path 40 58 	User path 159 206 159

Seed point: 5 39 	Path 59 77 	User path 206 274 206

Seed point: 3 55 	Path 78 100 	User path 274 347 274

Seed point: 17 63 	Path 101 109 	User path 347 383 347

Seed point: 25 63 	Path 110 118 	User path 383 407 383

Seed point: 22 68 	Path 119 141 	User path 407 441 407

Seed point: 35 75 	Path 142 143 	User path 441 538 441

Seed point: 36 75 	Path 144 164 	User path 538 630 538

Seed point: 50 69 	Path 165 186 	User path 630 672 630

Seed point: 46 58 	Path 187 216 	User path 672 693 672

Seed point: 28 68 	Path 217 223 	User path 693 715 693

Seed point: 23 67 	Path 224 247 	User path 715 736 715

Seed point: 33 54 	Path 248 300 	User path 736 766 736

Seed point: 19 27 	Path 301 323 	User path 766 785 766

Seed point: 30 16 	Path 324 335 	User path 785 817 785

Seed point: 29 8 	Path 336 360 	User path 817 823 817

Seed point: 32 25 	Path 361 361 	User path 843 843 843

---------------------

Print path: 



[28 9] [29 9] [29 10] [29 11] [29 12] [29 13] [28 13] 
[28 14] [28 15] [27 15] [27 16] [26 16] [26 17] [26 18] 
[25 18] [25 19] [25 20] [24 20] [24 21] [24 22] [24 23] 
[23 23] [22 23] [22 23] [22 24] [22 25] [22 26] [21 26] 
[21 27] [21 28] [20 28] [20 29] [19 29] [18 29] [18 29] 
[18 30] [17 30] [16 30] [15 30] [14 30] [14 30] [14 31] 
[13 31] [13 32] [12 32] [12 33] [11 33] [11 34] [10 34] 
[10 35] [10 36] [9 36] [8 36] [8 37] [7 37] [7 38] 
[6 38] [6 39] [5 39] [5 39] [5 40] [5 41] [5 42] 
[5 43] [4 43] [4 44] [4 45] [4 46] [3 46] [3 47] 
[3 48] [3 49] [3 50] [3 51] [3 52] [3 53] [3 54] 
[3 55] [3 55] [3 56] [4 56] [4 57] [5 57] [5 58] 
[6 58] [7 58] [7 59] [8 59] [9 59] [9 60] [10 60] 
[10 61] [11 61] [12 61] [12 62] [13 62] [14 62] [14 63] 
[15 63] [16 63] [17 63] [17 63] [18 63] [19 63] [20 63] 
[21 63] [22 63] [23 63] [24 63] [25 63] [25 63] [25 64] 
[25 65] [25 66] [24 66] [23 66] [23 67] [22 67] [22 68] 
[22 68] [22 67] [23 67] [24 67] [25 67] [25 68] [25 69] 
[25 70] [26 70] [26 71] [27 71] [28 71] [28 72] [29 72] 
[30 72] [30 73] [31 73] [31 74] [32 74] [33 74] [33 75] 
[34 75] [35 75] [35 75] [36 75] [36 75] [37 75] [37 74] 
[38 74] [39 74] [40 74] [41 74] [42 74] [43 74] [43 73] 
[44 73] [45 73] [46 73] [47 73] [48 73] [49 73] [49 72] 
[49 71] [50 71] [50 70] [50 69] [50 69] [50 68] [50 67] 
[50 66] [50 65] [50 64] [51 64] [52 64] [52 63] [52 62] 
[52 61] [53 61] [53 60] [53 59] [53 58] [52 58] [51 58] 
[50 58] [49 58] [48 58] [47 58] [46 58] [46 58] [45 58] 
[45 59] [45 60] [45 61] [45 62] [45 63] [45 64] [45 65] 
[45 66] [44 66] [43 66] [42 66] [41 66] [40 66] [39 66] 
[38 66] [37 66] [37 67] [36 67] [36 68] [35 68] [34 68] 
[33 68] [33 69] [32 69] [31 69] [30 68] [29 67] [28 68] 
[28 68] [27 68] [26 68] [25 68] [25 67] [24 67] [23 67] 
[23 67] [23 66] [24 66] [25 66] [26 66] [27 66] [27 65] 
[28 65] [28 64] [29 64] [29 63] [29 62] [29 61] [29 60] 
[29 59] [29 58] [29 57] [29 56] [30 56] [31 56] [31 55] 
[31 54] [32 54] [33 54] [33 54] [33 53] [33 52] [33 51] 
[34 51] [35 50] [36 50] [36 49] [36 48] [36 47] [36 46] 
[36 45] [36 44] [36 43] [36 42] [36 41] [35 41] [34 41] 
[33 41] [32 40] [31 39] [31 38] [31 37] [31 36] [31 35] 
[31 34] [31 33] [30 33] [29 33] [29 32] [29 31] [28 31] 
[28 30] [28 29] [28 28] [27 28] [27 27] [26 27] [26 26] 
[26 25] [26 24] [26 23] [25 23] [24 23] [23 23] [23 24] 
[22 24] [22 25] [22 26] [22 27] [21 27] [20 27] [19 27] 
[19 27] [20 27] [21 27] [22 27] [22 26] [22 25] [22 24] 
[23 24] [23 23] [24 23] [24 22] [24 21] [24 20] [25 20] 
[25 19] [26 19] [27 19] [28 19] [28 18] [29 18] [29 17] 
[29 16] [30 16] [30 16] [30 15] [30 14] [29 14] [29 13] 
[29 12] [29 11] [29 10] [30 10] [30 9] [30 8] [29 8] 
[29 8] [30 8] [30 9] [30 10] [29 10] [29 11] [29 12] 
[29 13] [28 13] [28 14] [28 15] [28 16] [28 17] [28 18] 
[28 19] [29 19] [29 20] [29 21] [30 21] [31 21] [31 22] 
[31 23] [31 24] [31 25] [32 25] [32 25] 

		Begin Printing Seed information

Seed point: 28 9 	Path 0 22 	User path 0 51 0

Seed point: 22 23 	Path 23 33 	User path 51 100 51

Seed point: 18 29 	Path 34 39 	User path 100 159 100

Seed point: 14 30 	Path 40 58 	User path 159 206 159

Seed point: 5 39 	Path 59 77 	User path 206 274 206

Seed point: 3 55 	Path 78 100 	User path 274 347 274

Seed point: 17 63 	Path 101 109 	User path 347 383 347

Seed point: 25 63 	Path 110 118 	User path 383 407 383

Seed point: 22 68 	Path 119 141 	User path 407 441 407

Seed point: 35 75 	Path 142 143 	User path 441 538 441

Seed point: 36 75 	Path 144 164 	User path 538 630 538

Seed point: 50 69 	Path 165 186 	User path 630 672 630

Seed point: 46 58 	Path 187 216 	User path 672 693 672

Seed point: 28 68 	Path 217 223 	User path 693 715 693

Seed point: 23 67 	Path 224 247 	User path 715 736 715

Seed point: 33 54 	Path 248 300 	User path 736 766 736

Seed point: 19 27 	Path 301 323 	User path 766 785 766

Seed point: 30 16 	Path 324 335 	User path 785 817 785

Seed point: 29 8 	Path 336 360 	User path 817 823 817

Seed point: 32 25 	Path 361 390 	User path 823 846 823

Seed point: 40 22 	Path 391 391 	User path 846 846 846

---------------------

Print path: 



[28 9] [29 9] [29 10] [29 11] [29 12] [29 13] [28 13] 
[28 14] [28 15] [27 15] [27 16] [26 16] [26 17] [26 18] 
[25 18] [25 19] [25 20] [24 20] [24 21] [24 22] [24 23] 
[23 23] [22 23] [22 23] [22 24] [22 25] [22 26] [21 26] 
[21 27] [21 28] [20 28] [20 29] [19 29] [18 29] [18 29] 
[18 30] [17 30] [16 30] [15 30] [14 30] [14 30] [14 31] 
[13 31] [13 32] [12 32] [12 33] [11 33] [11 34] [10 34] 
[10 35] [10 36] [9 36] [8 36] [8 37] [7 37] [7 38] 
[6 38] [6 39] [5 39] [5 39] [5 40] [5 41] [5 42] 
[5 43] [4 43] [4 44] [4 45] [4 46] [3 46] [3 47] 
[3 48] [3 49] [3 50] [3 51] [3 52] [3 53] [3 54] 
[3 55] [3 55] [3 56] [4 56] [4 57] [5 57] [5 58] 
[6 58] [7 58] [7 59] [8 59] [9 59] [9 60] [10 60] 
[10 61] [11 61] [12 61] [12 62] [13 62] [14 62] [14 63] 
[15 63] [16 63] [17 63] [17 63] [18 63] [19 63] [20 63] 
[21 63] [22 63] [23 63] [24 63] [25 63] [25 63] [25 64] 
[25 65] [25 66] [24 66] [23 66] [23 67] [22 67] [22 68] 
[22 68] [22 67] [23 67] [24 67] [25 67] [25 68] [25 69] 
[25 70] [26 70] [26 71] [27 71] [28 71] [28 72] [29 72] 
[30 72] [30 73] [31 73] [31 74] [32 74] [33 74] [33 75] 
[34 75] [35 75] [35 75] [36 75] [36 75] [37 75] [37 74] 
[38 74] [39 74] [40 74] [41 74] [42 74] [43 74] [43 73] 
[44 73] [45 73] [46 73] [47 73] [48 73] [49 73] [49 72] 
[49 71] [50 71] [50 70] [50 69] [50 69] [50 68] [50 67] 
[50 66] [50 65] [50 64] [51 64] [52 64] [52 63] [52 62] 
[52 61] [53 61] [53 60] [53 59] [53 58] [52 58] [51 58] 
[50 58] [49 58] [48 58] [47 58] [46 58] [46 58] [45 58] 
[45 59] [45 60] [45 61] [45 62] [45 63] [45 64] [45 65] 
[45 66] [44 66] [43 66] [42 66] [41 66] [40 66] [39 66] 
[38 66] [37 66] [37 67] [36 67] [36 68] [35 68] [34 68] 
[33 68] [33 69] [32 69] [31 69] [30 68] [29 67] [28 68] 
[28 68] [27 68] [26 68] [25 68] [25 67] [24 67] [23 67] 
[23 67] [23 66] [24 66] [25 66] [26 66] [27 66] [27 65] 
[28 65] [28 64] [29 64] [29 63] [29 62] [29 61] [29 60] 
[29 59] [29 58] [29 57] [29 56] [30 56] [31 56] [31 55] 
[31 54] [32 54] [33 54] [33 54] [33 53] [33 52] [33 51] 
[34 51] [35 50] [36 50] [36 49] [36 48] [36 47] [36 46] 
[36 45] [36 44] [36 43] [36 42] [36 41] [35 41] [34 41] 
[33 41] [32 40] [31 39] [31 38] [31 37] [31 36] [31 35] 
[31 34] [31 33] [30 33] [29 33] [29 32] [29 31] [28 31] 
[28 30] [28 29] [28 28] [27 28] [27 27] [26 27] [26 26] 
[26 25] [26 24] [26 23] [25 23] [24 23] [23 23] [23 24] 
[22 24] [22 25] [22 26] [22 27] [21 27] [20 27] [19 27] 
[19 27] [20 27] [21 27] [22 27] [22 26] [22 25] [22 24] 
[23 24] [23 23] [24 23] [24 22] [24 21] [24 20] [25 20] 
[25 19] [26 19] [27 19] [28 19] [28 18] [29 18] [29 17] 
[29 16] [30 16] [30 16] [30 15] [30 14] [29 14] [29 13] 
[29 12] [29 11] [29 10] [30 10] [30 9] [30 8] [29 8] 
[29 8] [30 8] [30 9] [30 10] [29 10] [29 11] [29 12] 
[29 13] [28 13] [28 14] [28 15] [28 16] [28 17] [28 18] 
[28 19] [29 19] [29 20] [29 21] [30 21] [31 21] [31 22] 
[31 23] [31 24] [31 25] [32 25] [32 25] [32 26] [32 27] 
[32 28] [33 28] [33 29] [33 30] [33 31] [33 32] [33 33] 
[34 33] [35 33] [36 33] [37 33] [37 32] [37 31] [37 30] 
[37 29] [37 28] [37 27] [37 26] [37 25] [37 24] [37 23] 
[38 23] [38 22] [38 21] [39 21] [40 21] [40 22] [40 22] 

		Begin Printing Seed information

Seed point: 28 9 	Path 0 22 	User path 0 51 0

Seed point: 22 23 	Path 23 33 	User path 51 100 51

Seed point: 18 29 	Path 34 39 	User path 100 159 100

Seed point: 14 30 	Path 40 58 	User path 159 206 159

Seed point: 5 39 	Path 59 77 	User path 206 274 206

Seed point: 3 55 	Path 78 100 	User path 274 347 274

Seed point: 17 63 	Path 101 109 	User path 347 383 347

Seed point: 25 63 	Path 110 118 	User path 383 407 383

Seed point: 22 68 	Path 119 141 	User path 407 441 407

Seed point: 35 75 	Path 142 143 	User path 441 538 441

Seed point: 36 75 	Path 144 164 	User path 538 630 538

Seed point: 50 69 	Path 165 186 	User path 630 672 630

Seed point: 46 58 	Path 187 216 	User path 672 693 672

Seed point: 28 68 	Path 217 223 	User path 693 715 693

Seed point: 23 67 	Path 224 247 	User path 715 736 715

Seed point: 33 54 	Path 248 300 	User path 736 766 736

Seed point: 19 27 	Path 301 323 	User path 766 785 766

Seed point: 30 16 	Path 324 335 	User path 785 817 785

Seed point: 29 8 	Path 336 360 	User path 817 823 817

Seed point: 32 25 	Path 361 390 	User path 823 846 823

Seed point: 40 22 	Path 391 405 	User path 846 856 846

Seed point: 36 12 	Path 406 406 	User path 856 856 856

---------------------

Print path: 



[28 9] [29 9] [29 10] [29 11] [29 12] [29 13] [28 13] 
[28 14] [28 15] [27 15] [27 16] [26 16] [26 17] [26 18] 
[25 18] [25 19] [25 20] [24 20] [24 21] [24 22] [24 23] 
[23 23] [22 23] [22 23] [22 24] [22 25] [22 26] [21 26] 
[21 27] [21 28] [20 28] [20 29] [19 29] [18 29] [18 29] 
[18 30] [17 30] [16 30] [15 30] [14 30] [14 30] [14 31] 
[13 31] [13 32] [12 32] [12 33] [11 33] [11 34] [10 34] 
[10 35] [10 36] [9 36] [8 36] [8 37] [7 37] [7 38] 
[6 38] [6 39] [5 39] [5 39] [5 40] [5 41] [5 42] 
[5 43] [4 43] [4 44] [4 45] [4 46] [3 46] [3 47] 
[3 48] [3 49] [3 50] [3 51] [3 52] [3 53] [3 54] 
[3 55] [3 55] [3 56] [4 56] [4 57] [5 57] [5 58] 
[6 58] [7 58] [7 59] [8 59] [9 59] [9 60] [10 60] 
[10 61] [11 61] [12 61] [12 62] [13 62] [14 62] [14 63] 
[15 63] [16 63] [17 63] [17 63] [18 63] [19 63] [20 63] 
[21 63] [22 63] [23 63] [24 63] [25 63] [25 63] [25 64] 
[25 65] [25 66] [24 66] [23 66] [23 67] [22 67] [22 68] 
[22 68] [22 67] [23 67] [24 67] [25 67] [25 68] [25 69] 
[25 70] [26 70] [26 71] [27 71] [28 71] [28 72] [29 72] 
[30 72] [30 73] [31 73] [31 74] [32 74] [33 74] [33 75] 
[34 75] [35 75] [35 75] [36 75] [36 75] [37 75] [37 74] 
[38 74] [39 74] [40 74] [41 74] [42 74] [43 74] [43 73] 
[44 73] [45 73] [46 73] [47 73] [48 73] [49 73] [49 72] 
[49 71] [50 71] [50 70] [50 69] [50 69] [50 68] [50 67] 
[50 66] [50 65] [50 64] [51 64] [52 64] [52 63] [52 62] 
[52 61] [53 61] [53 60] [53 59] [53 58] [52 58] [51 58] 
[50 58] [49 58] [48 58] [47 58] [46 58] [46 58] [45 58] 
[45 59] [45 60] [45 61] [45 62] [45 63] [45 64] [45 65] 
[45 66] [44 66] [43 66] [42 66] [41 66] [40 66] [39 66] 
[38 66] [37 66] [37 67] [36 67] [36 68] [35 68] [34 68] 
[33 68] [33 69] [32 69] [31 69] [30 68] [29 67] [28 68] 
[28 68] [27 68] [26 68] [25 68] [25 67] [24 67] [23 67] 
[23 67] [23 66] [24 66] [25 66] [26 66] [27 66] [27 65] 
[28 65] [28 64] [29 64] [29 63] [29 62] [29 61] [29 60] 
[29 59] [29 58] [29 57] [29 56] [30 56] [31 56] [31 55] 
[31 54] [32 54] [33 54] [33 54] [33 53] [33 52] [33 51] 
[34 51] [35 50] [36 50] [36 49] [36 48] [36 47] [36 46] 
[36 45] [36 44] [36 43] [36 42] [36 41] [35 41] [34 41] 
[33 41] [32 40] [31 39] [31 38] [31 37] [31 36] [31 35] 
[31 34] [31 33] [30 33] [29 33] [29 32] [29 31] [28 31] 
[28 30] [28 29] [28 28] [27 28] [27 27] [26 27] [26 26] 
[26 25] [26 24] [26 23] [25 23] [24 23] [23 23] [23 24] 
[22 24] [22 25] [22 26] [22 27] [21 27] [20 27] [19 27] 
[19 27] [20 27] [21 27] [22 27] [22 26] [22 25] [22 24] 
[23 24] [23 23] [24 23] [24 22] [24 21] [24 20] [25 20] 
[25 19] [26 19] [27 19] [28 19] [28 18] [29 18] [29 17] 
[29 16] [30 16] [30 16] [30 15] [30 14] [29 14] [29 13] 
[29 12] [29 11] [29 10] [30 10] [30 9] [30 8] [29 8] 
[29 8] [30 8] [30 9] [30 10] [29 10] [29 11] [29 12] 
[29 13] [28 13] [28 14] [28 15] [28 16] [28 17] [28 18] 
[28 19] [29 19] [29 20] [29 21] [30 21] [31 21] [31 22] 
[31 23] [31 24] [31 25] [32 25] [32 25] [32 26] [32 27] 
[32 28] [33 28] [33 29] [33 30] [33 31] [33 32] [33 33] 
[34 33] [35 33] [36 33] [37 33] [37 32] [37 31] [37 30] 
[37 29] [37 28] [37 27] [37 26] [37 25] [37 24] [37 23] 
[38 23] [38 22] [38 21] [39 21] [40 21] [40 22] [40 22] 
[40 21] [39 21] [38 21] [38 20] [37 20] [37 19] [37 18] 
[37 17] [37 16] [37 15] [37 14] [37 13] [36 13] [36 12] 
[36 12] 

		Begin Printing Seed information

Seed point: 28 9 	Path 0 22 	User path 0 51 0

Seed point: 22 23 	Path 23 33 	User path 51 100 51

Seed point: 18 29 	Path 34 39 	User path 100 159 100

Seed point: 14 30 	Path 40 58 	User path 159 206 159

Seed point: 5 39 	Path 59 77 	User path 206 274 206

Seed point: 3 55 	Path 78 100 	User path 274 347 274

Seed point: 17 63 	Path 101 109 	User path 347 383 347

Seed point: 25 63 	Path 110 118 	User path 383 407 383

Seed point: 22 68 	Path 119 141 	User path 407 441 407

Seed point: 35 75 	Path 142 143 	User path 441 538 441

Seed point: 36 75 	Path 144 164 	User path 538 630 538

Seed point: 50 69 	Path 165 186 	User path 630 672 630

Seed point: 46 58 	Path 187 216 	User path 672 693 672

Seed point: 28 68 	Path 217 223 	User path 693 715 693

Seed point: 23 67 	Path 224 247 	User path 715 736 715

Seed point: 33 54 	Path 248 300 	User path 736 766 736

Seed point: 19 27 	Path 301 323 	User path 766 785 766

Seed point: 30 16 	Path 324 335 	User path 785 817 785

Seed point: 29 8 	Path 336 360 	User path 817 823 817

Seed point: 32 25 	Path 361 390 	User path 823 846 823

Seed point: 40 22 	Path 391 405 	User path 846 856 846

Seed point: 36 12 	Path 406 418 	User path 856 875 856

Seed point: 29 7 	Path 419 419 	User path 875 875 875

---------------------

Print path: 



[28 9] [29 9] [29 10] [29 11] [29 12] [29 13] [28 13] 
[28 14] [28 15] [27 15] [27 16] [26 16] [26 17] [26 18] 
[25 18] [25 19] [25 20] [24 20] [24 21] [24 22] [24 23] 
[23 23] [22 23] [22 23] [22 24] [22 25] [22 26] [21 26] 
[21 27] [21 28] [20 28] [20 29] [19 29] [18 29] [18 29] 
[18 30] [17 30] [16 30] [15 30] [14 30] [14 30] [14 31] 
[13 31] [13 32] [12 32] [12 33] [11 33] [11 34] [10 34] 
[10 35] [10 36] [9 36] [8 36] [8 37] [7 37] [7 38] 
[6 38] [6 39] [5 39] [5 39] [5 40] [5 41] [5 42] 
[5 43] [4 43] [4 44] [4 45] [4 46] [3 46] [3 47] 
[3 48] [3 49] [3 50] [3 51] [3 52] [3 53] [3 54] 
[3 55] [3 55] [3 56] [4 56] [4 57] [5 57] [5 58] 
[6 58] [7 58] [7 59] [8 59] [9 59] [9 60] [10 60] 
[10 61] [11 61] [12 61] [12 62] [13 62] [14 62] [14 63] 
[15 63] [16 63] [17 63] [17 63] [18 63] [19 63] [20 63] 
[21 63] [22 63] [23 63] [24 63] [25 63] [25 63] [25 64] 
[25 65] [25 66] [24 66] [23 66] [23 67] [22 67] [22 68] 
[22 68] [22 67] [23 67] [24 67] [25 67] [25 68] [25 69] 
[25 70] [26 70] [26 71] [27 71] [28 71] [28 72] [29 72] 
[30 72] [30 73] [31 73] [31 74] [32 74] [33 74] [33 75] 
[34 75] [35 75] [35 75] [36 75] [36 75] [37 75] [37 74] 
[38 74] [39 74] [40 74] [41 74] [42 74] [43 74] [43 73] 
[44 73] [45 73] [46 73] [47 73] [48 73] [49 73] [49 72] 
[49 71] [50 71] [50 70] [50 69] [50 69] [50 68] [50 67] 
[50 66] [50 65] [50 64] [51 64] [52 64] [52 63] [52 62] 
[52 61] [53 61] [53 60] [53 59] [53 58] [52 58] [51 58] 
[50 58] [49 58] [48 58] [47 58] [46 58] [46 58] [45 58] 
[45 59] [45 60] [45 61] [45 62] [45 63] [45 64] [45 65] 
[45 66] [44 66] [43 66] [42 66] [41 66] [40 66] [39 66] 
[38 66] [37 66] [37 67] [36 67] [36 68] [35 68] [34 68] 
[33 68] [33 69] [32 69] [31 69] [30 68] [29 67] [28 68] 
[28 68] [27 68] [26 68] [25 68] [25 67] [24 67] [23 67] 
[23 67] [23 66] [24 66] [25 66] [26 66] [27 66] [27 65] 
[28 65] [28 64] [29 64] [29 63] [29 62] [29 61] [29 60] 
[29 59] [29 58] [29 57] [29 56] [30 56] [31 56] [31 55] 
[31 54] [32 54] [33 54] [33 54] [33 53] [33 52] [33 51] 
[34 51] [35 50] [36 50] [36 49] [36 48] [36 47] [36 46] 
[36 45] [36 44] [36 43] [36 42] [36 41] [35 41] [34 41] 
[33 41] [32 40] [31 39] [31 38] [31 37] [31 36] [31 35] 
[31 34] [31 33] [30 33] [29 33] [29 32] [29 31] [28 31] 
[28 30] [28 29] [28 28] [27 28] [27 27] [26 27] [26 26] 
[26 25] [26 24] [26 23] [25 23] [24 23] [23 23] [23 24] 
[22 24] [22 25] [22 26] [22 27] [21 27] [20 27] [19 27] 
[19 27] [20 27] [21 27] [22 27] [22 26] [22 25] [22 24] 
[23 24] [23 23] [24 23] [24 22] [24 21] [24 20] [25 20] 
[25 19] [26 19] [27 19] [28 19] [28 18] [29 18] [29 17] 
[29 16] [30 16] [30 16] [30 15] [30 14] [29 14] [29 13] 
[29 12] [29 11] [29 10] [30 10] [30 9] [30 8] [29 8] 
[29 8] [30 8] [30 9] [30 10] [29 10] [29 11] [29 12] 
[29 13] [28 13] [28 14] [28 15] [28 16] [28 17] [28 18] 
[28 19] [29 19] [29 20] [29 21] [30 21] [31 21] [31 22] 
[31 23] [31 24] [31 25] [32 25] [32 25] [32 26] [32 27] 
[32 28] [33 28] [33 29] [33 30] [33 31] [33 32] [33 33] 
[34 33] [35 33] [36 33] [37 33] [37 32] [37 31] [37 30] 
[37 29] [37 28] [37 27] [37 26] [37 25] [37 24] [37 23] 
[38 23] [38 22] [38 21] [39 21] [40 21] [40 22] [40 22] 
[40 21] [39 21] [38 21] [38 20] [37 20] [37 19] [37 18] 
[37 17] [37 16] [37 15] [37 14] [37 13] [36 13] [36 12] 
[36 12] [35 12] [34 12] [33 12] [32 12] [31 12] [30 12] 
[30 11] [30 10] [30 9] [30 8] [30 7] [29 7] [29 7] 

		Begin Printing Seed information

Seed point: 28 9 	Path 0 22 	User path 0 51 0

Seed point: 22 23 	Path 23 33 	User path 51 100 51

Seed point: 18 29 	Path 34 39 	User path 100 159 100

Seed point: 14 30 	Path 40 58 	User path 159 206 159

Seed point: 5 39 	Path 59 77 	User path 206 274 206

Seed point: 3 55 	Path 78 100 	User path 274 347 274

Seed point: 17 63 	Path 101 109 	User path 347 383 347

Seed point: 25 63 	Path 110 118 	User path 383 407 383

Seed point: 22 68 	Path 119 141 	User path 407 441 407

Seed point: 35 75 	Path 142 143 	User path 441 538 441

Seed point: 36 75 	Path 144 164 	User path 538 630 538

Seed point: 50 69 	Path 165 186 	User path 630 672 630

Seed point: 46 58 	Path 187 216 	User path 672 693 672

Seed point: 28 68 	Path 217 223 	User path 693 715 693

Seed point: 23 67 	Path 224 247 	User path 715 736 715

Seed point: 33 54 	Path 248 300 	User path 736 766 736

Seed point: 19 27 	Path 301 323 	User path 766 785 766

Seed point: 30 16 	Path 324 335 	User path 785 817 785

Seed point: 29 8 	Path 336 360 	User path 817 823 817

Seed point: 32 25 	Path 361 390 	User path 823 846 823

Seed point: 40 22 	Path 391 405 	User path 846 856 846

Seed point: 36 12 	Path 406 418 	User path 856 875 856

Seed point: 29 7 	Path 419 439 	User path 875 886 875

Seed point: 34 22 	Path 440 440 	User path 906 906 906

---------------------

Print path: 



[28 9] [29 9] [29 10] [29 11] [29 12] [29 13] [28 13] 
[28 14] [28 15] [27 15] [27 16] [26 16] [26 17] [26 18] 
[25 18] [25 19] [25 20] [24 20] [24 21] [24 22] [24 23] 
[23 23] [22 23] [22 23] [22 24] [22 25] [22 26] [21 26] 
[21 27] [21 28] [20 28] [20 29] [19 29] [18 29] [18 29] 
[18 30] [17 30] [16 30] [15 30] [14 30] [14 30] [14 31] 
[13 31] [13 32] [12 32] [12 33] [11 33] [11 34] [10 34] 
[10 35] [10 36] [9 36] [8 36] [8 37] [7 37] [7 38] 
[6 38] [6 39] [5 39] [5 39] [5 40] [5 41] [5 42] 
[5 43] [4 43] [4 44] [4 45] [4 46] [3 46] [3 47] 
[3 48] [3 49] [3 50] [3 51] [3 52] [3 53] [3 54] 
[3 55] [3 55] [3 56] [4 56] [4 57] [5 57] [5 58] 
[6 58] [7 58] [7 59] [8 59] [9 59] [9 60] [10 60] 
[10 61] [11 61] [12 61] [12 62] [13 62] [14 62] [14 63] 
[15 63] [16 63] [17 63] [17 63] [18 63] [19 63] [20 63] 
[21 63] [22 63] [23 63] [24 63] [25 63] [25 63] [25 64] 
[25 65] [25 66] [24 66] [23 66] [23 67] [22 67] [22 68] 
[22 68] [22 67] [23 67] [24 67] [25 67] [25 68] [25 69] 
[25 70] [26 70] [26 71] [27 71] [28 71] [28 72] [29 72] 
[30 72] [30 73] [31 73] [31 74] [32 74] [33 74] [33 75] 
[34 75] [35 75] [35 75] [36 75] [36 75] [37 75] [37 74] 
[38 74] [39 74] [40 74] [41 74] [42 74] [43 74] [43 73] 
[44 73] [45 73] [46 73] [47 73] [48 73] [49 73] [49 72] 
[49 71] [50 71] [50 70] [50 69] [50 69] [50 68] [50 67] 
[50 66] [50 65] [50 64] [51 64] [52 64] [52 63] [52 62] 
[52 61] [53 61] [53 60] [53 59] [53 58] [52 58] [51 58] 
[50 58] [49 58] [48 58] [47 58] [46 58] [46 58] [45 58] 
[45 59] [45 60] [45 61] [45 62] [45 63] [45 64] [45 65] 
[45 66] [44 66] [43 66] [42 66] [41 66] [40 66] [39 66] 
[38 66] [37 66] [37 67] [36 67] [36 68] [35 68] [34 68] 
[33 68] [33 69] [32 69] [31 69] [30 68] [29 67] [28 68] 
[28 68] [27 68] [26 68] [25 68] [25 67] [24 67] [23 67] 
[23 67] [23 66] [24 66] [25 66] [26 66] [27 66] [27 65] 
[28 65] [28 64] [29 64] [29 63] [29 62] [29 61] [29 60] 
[29 59] [29 58] [29 57] [29 56] [30 56] [31 56] [31 55] 
[31 54] [32 54] [33 54] [33 54] [33 53] [33 52] [33 51] 
[34 51] [35 50] [36 50] [36 49] [36 48] [36 47] [36 46] 
[36 45] [36 44] [36 43] [36 42] [36 41] [35 41] [34 41] 
[33 41] [32 40] [31 39] [31 38] [31 37] [31 36] [31 35] 
[31 34] [31 33] [30 33] [29 33] [29 32] [29 31] [28 31] 
[28 30] [28 29] [28 28] [27 28] [27 27] [26 27] [26 26] 
[26 25] [26 24] [26 23] [25 23] [24 23] [23 23] [23 24] 
[22 24] [22 25] [22 26] [22 27] [21 27] [20 27] [19 27] 
[19 27] [20 27] [21 27] [22 27] [22 26] [22 25] [22 24] 
[23 24] [23 23] [24 23] [24 22] [24 21] [24 20] [25 20] 
[25 19] [26 19] [27 19] [28 19] [28 18] [29 18] [29 17] 
[29 16] [30 16] [30 16] [30 15] [30 14] [29 14] [29 13] 
[29 12] [29 11] [29 10] [30 10] [30 9] [30 8] [29 8] 
[29 8] [30 8] [30 9] [30 10] [29 10] [29 11] [29 12] 
[29 13] [28 13] [28 14] [28 15] [28 16] [28 17] [28 18] 
[28 19] [29 19] [29 20] [29 21] [30 21] [31 21] [31 22] 
[31 23] [31 24] [31 25] [32 25] [32 25] [32 26] [32 27] 
[32 28] [33 28] [33 29] [33 30] [33 31] [33 32] [33 33] 
[34 33] [35 33] [36 33] [37 33] [37 32] [37 31] [37 30] 
[37 29] [37 28] [37 27] [37 26] [37 25] [37 24] [37 23] 
[38 23] [38 22] [38 21] [39 21] [40 21] [40 22] [40 22] 
[40 21] [39 21] [38 21] [38 20] [37 20] [37 19] [37 18] 
[37 17] [37 16] [37 15] [37 14] [37 13] [36 13] [36 12] 
[36 12] [35 12] [34 12] [33 12] [32 12] [31 12] [30 12] 
[30 11] [30 10] [30 9] [30 8] [30 7] [29 7] [29 7] 
[30 7] [30 8] [30 9] [30 10] [30 11] [30 12] [30 13] 
[30 14] [30 15] [31 15] [32 15] [33 15] [33 16] [33 17] 
[33 18] [34 18] [34 19] [34 20] [34 21] [34 22] [34 22] 

		Begin Printing Seed information

Seed point: 28 9 	Path 0 22 	User path 0 51 0

Seed point: 22 23 	Path 23 33 	User path 51 100 51

Seed point: 18 29 	Path 34 39 	User path 100 159 100

Seed point: 14 30 	Path 40 58 	User path 159 206 159

Seed point: 5 39 	Path 59 77 	User path 206 274 206

Seed point: 3 55 	Path 78 100 	User path 274 347 274

Seed point: 17 63 	Path 101 109 	User path 347 383 347

Seed point: 25 63 	Path 110 118 	User path 383 407 383

Seed point: 22 68 	Path 119 141 	User path 407 441 407

Seed point: 35 75 	Path 142 143 	User path 441 538 441

Seed point: 36 75 	Path 144 164 	User path 538 630 538

Seed point: 50 69 	Path 165 186 	User path 630 672 630

Seed point: 46 58 	Path 187 216 	User path 672 693 672

Seed point: 28 68 	Path 217 223 	User path 693 715 693

Seed point: 23 67 	Path 224 247 	User path 715 736 715

Seed point: 33 54 	Path 248 300 	User path 736 766 736

Seed point: 19 27 	Path 301 323 	User path 766 785 766

Seed point: 30 16 	Path 324 335 	User path 785 817 785

Seed point: 29 8 	Path 336 360 	User path 817 823 817

Seed point: 32 25 	Path 361 390 	User path 823 846 823

Seed point: 40 22 	Path 391 405 	User path 846 856 846

Seed point: 36 12 	Path 406 418 	User path 856 875 856

Seed point: 29 7 	Path 419 439 	User path 875 886 875

Seed point: 34 22 	Path 440 460 	User path 886 920 886

Seed point: 44 28 	Path 461 461 	User path 920 920 920

---------------------

Print path: 



[28 9] [29 9] [29 10] [29 11] [29 12] [29 13] [28 13] 
[28 14] [28 15] [27 15] [27 16] [26 16] [26 17] [26 18] 
[25 18] [25 19] [25 20] [24 20] [24 21] [24 22] [24 23] 
[23 23] [22 23] [22 23] [22 24] [22 25] [22 26] [21 26] 
[21 27] [21 28] [20 28] [20 29] [19 29] [18 29] [18 29] 
[18 30] [17 30] [16 30] [15 30] [14 30] [14 30] [14 31] 
[13 31] [13 32] [12 32] [12 33] [11 33] [11 34] [10 34] 
[10 35] [10 36] [9 36] [8 36] [8 37] [7 37] [7 38] 
[6 38] [6 39] [5 39] [5 39] [5 40] [5 41] [5 42] 
[5 43] [4 43] [4 44] [4 45] [4 46] [3 46] [3 47] 
[3 48] [3 49] [3 50] [3 51] [3 52] [3 53] [3 54] 
[3 55] [3 55] [3 56] [4 56] [4 57] [5 57] [5 58] 
[6 58] [7 58] [7 59] [8 59] [9 59] [9 60] [10 60] 
[10 61] [11 61] [12 61] [12 62] [13 62] [14 62] [14 63] 
[15 63] [16 63] [17 63] [17 63] [18 63] [19 63] [20 63] 
[21 63] [22 63] [23 63] [24 63] [25 63] [25 63] [25 64] 
[25 65] [25 66] [24 66] [23 66] [23 67] [22 67] [22 68] 
[22 68] [22 67] [23 67] [24 67] [25 67] [25 68] [25 69] 
[25 70] [26 70] [26 71] [27 71] [28 71] [28 72] [29 72] 
[30 72] [30 73] [31 73] [31 74] [32 74] [33 74] [33 75] 
[34 75] [35 75] [35 75] [36 75] [36 75] [37 75] [37 74] 
[38 74] [39 74] [40 74] [41 74] [42 74] [43 74] [43 73] 
[44 73] [45 73] [46 73] [47 73] [48 73] [49 73] [49 72] 
[49 71] [50 71] [50 70] [50 69] [50 69] [50 68] [50 67] 
[50 66] [50 65] [50 64] [51 64] [52 64] [52 63] [52 62] 
[52 61] [53 61] [53 60] [53 59] [53 58] [52 58] [51 58] 
[50 58] [49 58] [48 58] [47 58] [46 58] [46 58] [45 58] 
[45 59] [45 60] [45 61] [45 62] [45 63] [45 64] [45 65] 
[45 66] [44 66] [43 66] [42 66] [41 66] [40 66] [39 66] 
[38 66] [37 66] [37 67] [36 67] [36 68] [35 68] [34 68] 
[33 68] [33 69] [32 69] [31 69] [30 68] [29 67] [28 68] 
[28 68] [27 68] [26 68] [25 68] [25 67] [24 67] [23 67] 
[23 67] [23 66] [24 66] [25 66] [26 66] [27 66] [27 65] 
[28 65] [28 64] [29 64] [29 63] [29 62] [29 61] [29 60] 
[29 59] [29 58] [29 57] [29 56] [30 56] [31 56] [31 55] 
[31 54] [32 54] [33 54] [33 54] [33 53] [33 52] [33 51] 
[34 51] [35 50] [36 50] [36 49] [36 48] [36 47] [36 46] 
[36 45] [36 44] [36 43] [36 42] [36 41] [35 41] [34 41] 
[33 41] [32 40] [31 39] [31 38] [31 37] [31 36] [31 35] 
[31 34] [31 33] [30 33] [29 33] [29 32] [29 31] [28 31] 
[28 30] [28 29] [28 28] [27 28] [27 27] [26 27] [26 26] 
[26 25] [26 24] [26 23] [25 23] [24 23] [23 23] [23 24] 
[22 24] [22 25] [22 26] [22 27] [21 27] [20 27] [19 27] 
[19 27] [20 27] [21 27] [22 27] [22 26] [22 25] [22 24] 
[23 24] [23 23] [24 23] [24 22] [24 21] [24 20] [25 20] 
[25 19] [26 19] [27 19] [28 19] [28 18] [29 18] [29 17] 
[29 16] [30 16] [30 16] [30 15] [30 14] [29 14] [29 13] 
[29 12] [29 11] [29 10] [30 10] [30 9] [30 8] [29 8] 
[29 8] [30 8] [30 9] [30 10] [29 10] [29 11] [29 12] 
[29 13] [28 13] [28 14] [28 15] [28 16] [28 17] [28 18] 
[28 19] [29 19] [29 20] [29 21] [30 21] [31 21] [31 22] 
[31 23] [31 24] [31 25] [32 25] [32 25] [32 26] [32 27] 
[32 28] [33 28] [33 29] [33 30] [33 31] [33 32] [33 33] 
[34 33] [35 33] [36 33] [37 33] [37 32] [37 31] [37 30] 
[37 29] [37 28] [37 27] [37 26] [37 25] [37 24] [37 23] 
[38 23] [38 22] [38 21] [39 21] [40 21] [40 22] [40 22] 
[40 21] [39 21] [38 21] [38 20] [37 20] [37 19] [37 18] 
[37 17] [37 16] [37 15] [37 14] [37 13] [36 13] [36 12] 
[36 12] [35 12] [34 12] [33 12] [32 12] [31 12] [30 12] 
[30 11] [30 10] [30 9] [30 8] [30 7] [29 7] [29 7] 
[30 7] [30 8] [30 9] [30 10] [30 11] [30 12] [30 13] 
[30 14] [30 15] [31 15] [32 15] [33 15] [33 16] [33 17] 
[33 18] [34 18] [34 19] [34 20] [34 21] [34 22] [34 22] 
[35 22] [36 22] [36 23] [36 24] [37 25] [37 26] [37 27] 
[37 28] [37 29] [37 30] [37 31] [38 31] [39 31] [40 31] 
[41 31] [42 31] [42 30] [42 29] [43 29] [44 28] [44 28] 

		Begin Printing Seed information

Seed point: 28 9 	Path 0 22 	User path 0 51 0

Seed point: 22 23 	Path 23 33 	User path 51 100 51

Seed point: 18 29 	Path 34 39 	User path 100 159 100

Seed point: 14 30 	Path 40 58 	User path 159 206 159

Seed point: 5 39 	Path 59 77 	User path 206 274 206

Seed point: 3 55 	Path 78 100 	User path 274 347 274

Seed point: 17 63 	Path 101 109 	User path 347 383 347

Seed point: 25 63 	Path 110 118 	User path 383 407 383

Seed point: 22 68 	Path 119 141 	User path 407 441 407

Seed point: 35 75 	Path 142 143 	User path 441 538 441

Seed point: 36 75 	Path 144 164 	User path 538 630 538

Seed point: 50 69 	Path 165 186 	User path 630 672 630

Seed point: 46 58 	Path 187 216 	User path 672 693 672

Seed point: 28 68 	Path 217 223 	User path 693 715 693

Seed point: 23 67 	Path 224 247 	User path 715 736 715

Seed point: 33 54 	Path 248 300 	User path 736 766 736

Seed point: 19 27 	Path 301 323 	User path 766 785 766

Seed point: 30 16 	Path 324 335 	User path 785 817 785

Seed point: 29 8 	Path 336 360 	User path 817 823 817

Seed point: 32 25 	Path 361 390 	User path 823 846 823

Seed point: 40 22 	Path 391 405 	User path 846 856 846

Seed point: 36 12 	Path 406 418 	User path 856 875 856

Seed point: 29 7 	Path 419 439 	User path 875 886 875

Seed point: 34 22 	Path 440 460 	User path 886 920 886

Seed point: 44 28 	Path 461 481 	User path 920 933 920

Seed point: 32 21 	Path 482 482 	User path 953 953 953

---------------------

Print path: 



[28 9] [29 9] [29 10] [29 11] [29 12] [29 13] [28 13] 
[28 14] [28 15] [27 15] [27 16] [26 16] [26 17] [26 18] 
[25 18] [25 19] [25 20] [24 20] [24 21] [24 22] [24 23] 
[23 23] [22 23] [22 23] [22 24] [22 25] [22 26] [21 26] 
[21 27] [21 28] [20 28] [20 29] [19 29] [18 29] [18 29] 
[18 30] [17 30] [16 30] [15 30] [14 30] [14 30] [14 31] 
[13 31] [13 32] [12 32] [12 33] [11 33] [11 34] [10 34] 
[10 35] [10 36] [9 36] [8 36] [8 37] [7 37] [7 38] 
[6 38] [6 39] [5 39] [5 39] [5 40] [5 41] [5 42] 
[5 43] [4 43] [4 44] [4 45] [4 46] [3 46] [3 47] 
[3 48] [3 49] [3 50] [3 51] [3 52] [3 53] [3 54] 
[3 55] [3 55] [3 56] [4 56] [4 57] [5 57] [5 58] 
[6 58] [7 58] [7 59] [8 59] [9 59] [9 60] [10 60] 
[10 61] [11 61] [12 61] [12 62] [13 62] [14 62] [14 63] 
[15 63] [16 63] [17 63] [17 63] [18 63] [19 63] [20 63] 
[21 63] [22 63] [23 63] [24 63] [25 63] [25 63] [25 64] 
[25 65] [25 66] [24 66] [23 66] [23 67] [22 67] [22 68] 
[22 68] [22 67] [23 67] [24 67] [25 67] [25 68] [25 69] 
[25 70] [26 70] [26 71] [27 71] [28 71] [28 72] [29 72] 
[30 72] [30 73] [31 73] [31 74] [32 74] [33 74] [33 75] 
[34 75] [35 75] [35 75] [36 75] [36 75] [37 75] [37 74] 
[38 74] [39 74] [40 74] [41 74] [42 74] [43 74] [43 73] 
[44 73] [45 73] [46 73] [47 73] [48 73] [49 73] [49 72] 
[49 71] [50 71] [50 70] [50 69] [50 69] [50 68] [50 67] 
[50 66] [50 65] [50 64] [51 64] [52 64] [52 63] [52 62] 
[52 61] [53 61] [53 60] [53 59] [53 58] [52 58] [51 58] 
[50 58] [49 58] [48 58] [47 58] [46 58] [46 58] [45 58] 
[45 59] [45 60] [45 61] [45 62] [45 63] [45 64] [45 65] 
[45 66] [44 66] [43 66] [42 66] [41 66] [40 66] [39 66] 
[38 66] [37 66] [37 67] [36 67] [36 68] [35 68] [34 68] 
[33 68] [33 69] [32 69] [31 69] [30 68] [29 67] [28 68] 
[28 68] [27 68] [26 68] [25 68] [25 67] [24 67] [23 67] 
[23 67] [23 66] [24 66] [25 66] [26 66] [27 66] [27 65] 
[28 65] [28 64] [29 64] [29 63] [29 62] [29 61] [29 60] 
[29 59] [29 58] [29 57] [29 56] [30 56] [31 56] [31 55] 
[31 54] [32 54] [33 54] [33 54] [33 53] [33 52] [33 51] 
[34 51] [35 50] [36 50] [36 49] [36 48] [36 47] [36 46] 
[36 45] [36 44] [36 43] [36 42] [36 41] [35 41] [34 41] 
[33 41] [32 40] [31 39] [31 38] [31 37] [31 36] [31 35] 
[31 34] [31 33] [30 33] [29 33] [29 32] [29 31] [28 31] 
[28 30] [28 29] [28 28] [27 28] [27 27] [26 27] [26 26] 
[26 25] [26 24] [26 23] [25 23] [24 23] [23 23] [23 24] 
[22 24] [22 25] [22 26] [22 27] [21 27] [20 27] [19 27] 
[19 27] [20 27] [21 27] [22 27] [22 26] [22 25] [22 24] 
[23 24] [23 23] [24 23] [24 22] [24 21] [24 20] [25 20] 
[25 19] [26 19] [27 19] [28 19] [28 18] [29 18] [29 17] 
[29 16] [30 16] [30 16] [30 15] [30 14] [29 14] [29 13] 
[29 12] [29 11] [29 10] [30 10] [30 9] [30 8] [29 8] 
[29 8] [30 8] [30 9] [30 10] [29 10] [29 11] [29 12] 
[29 13] [28 13] [28 14] [28 15] [28 16] [28 17] [28 18] 
[28 19] [29 19] [29 20] [29 21] [30 21] [31 21] [31 22] 
[31 23] [31 24] [31 25] [32 25] [32 25] [32 26] [32 27] 
[32 28] [33 28] [33 29] [33 30] [33 31] [33 32] [33 33] 
[34 33] [35 33] [36 33] [37 33] [37 32] [37 31] [37 30] 
[37 29] [37 28] [37 27] [37 26] [37 25] [37 24] [37 23] 
[38 23] [38 22] [38 21] [39 21] [40 21] [40 22] [40 22] 
[40 21] [39 21] [38 21] [38 20] [37 20] [37 19] [37 18] 
[37 17] [37 16] [37 15] [37 14] [37 13] [36 13] [36 12] 
[36 12] [35 12] [34 12] [33 12] [32 12] [31 12] [30 12] 
[30 11] [30 10] [30 9] [30 8] [30 7] [29 7] [29 7] 
[30 7] [30 8] [30 9] [30 10] [30 11] [30 12] [30 13] 
[30 14] [30 15] [31 15] [32 15] [33 15] [33 16] [33 17] 
[33 18] [34 18] [34 19] [34 20] [34 21] [34 22] [34 22] 
[35 22] [36 22] [36 23] [36 24] [37 25] [37 26] [37 27] 
[37 28] [37 29] [37 30] [37 31] [38 31] [39 31] [40 31] 
[41 31] [42 31] [42 30] [42 29] [43 29] [44 28] [44 28] 
[43 29] [42 29] [41 29] [40 29] [40 28] [40 27] [39 27] 
[38 27] [37 27] [37 26] [37 25] [37 24] [37 23] [36 23] 
[36 22] [35 22] [34 22] [34 21] [33 21] [32 21] [32 21] 

